<?xml version="1.0" encoding="UTF-8"?>
<!-- Generated by org.testng.reporters.JUnitXMLReporter -->
<testsuite hostname="Lenovo-PC" name="Default test" tests="3" failures="0" timestamp="5 Apr 2018 07:19:11 GMT" time="97.189" errors="0">
  <testcase name="welcomePage_shouldLookGood_onDevice" time="23.49" classname="com.galenframework.java.sample.tests.WelcomePageTest"/>
  <testcase name="welcomePage_shouldLookGood_onDevice" time="24.103" classname="com.galenframework.java.sample.tests.WelcomePageTest"/>
  <testcase name="welcomePage_shouldLookGood_onDevice" time="24.546" classname="com.galenframework.java.sample.tests.WelcomePageTest"/>
</testsuite> <!-- Default test -->
