<?xml version="1.0" encoding="UTF-8"?>
<!-- Generated by org.testng.reporters.JUnitXMLReporter -->
<testsuite hostname="Lenovo-PC" name="Default test" tests="3" failures="0" timestamp="6 Apr 2018 06:59:27 GMT" time="40.385" errors="0">
  <testcase name="welcomePage_shouldLookGood_onDevice" time="10.149" classname="com.galenframework.java.sample.tests.WelcomePageTest"/>
  <testcase name="welcomePage_shouldLookGood_onDevice" time="7.856" classname="com.galenframework.java.sample.tests.WelcomePageTest"/>
  <testcase name="welcomePage_shouldLookGood_onDevice" time="9.193" classname="com.galenframework.java.sample.tests.WelcomePageTest"/>
</testsuite> <!-- Default test -->
