<?xml version="1.0" encoding="UTF-8"?>
<testng-results skipped="0" failed="0" total="3" passed="3">
  <reporter-output>
  </reporter-output>
  <suite name="Default suite" duration-ms="40385" started-at="2018-04-06T06:58:47Z" finished-at="2018-04-06T06:59:27Z">
    <groups>
    </groups>
    <test name="Default test" duration-ms="40385" started-at="2018-04-06T06:58:47Z" finished-at="2018-04-06T06:59:27Z">
      <class name="com.galenframework.java.sample.tests.WelcomePageTest">
        <test-method status="PASS" signature="initDriver([Ljava.lang.Object;)[pri:0, instance:com.galenframework.java.sample.tests.WelcomePageTest@3532ec19]" name="initDriver" is-config="true" duration-ms="4158" started-at="2018-04-06T08:58:47Z" finished-at="2018-04-06T08:58:51Z">
          <params>
            <param index="0">
              <value>
                <![CDATA[[Ljava.lang.Object;@1c481ff2]]>
              </value>
            </param>
          </params>
          <reporter-output>
          </reporter-output>
        </test-method> <!-- initDriver -->
        <test-method status="PASS" signature="initReport(java.lang.reflect.Method, [Ljava.lang.Object;)[pri:0, instance:com.galenframework.java.sample.tests.WelcomePageTest@3532ec19]" name="initReport" is-config="true" duration-ms="6" started-at="2018-04-06T08:58:51Z" finished-at="2018-04-06T08:58:51Z">
          <params>
            <param index="0">
              <value>
                <![CDATA[public void com.galenframework.java.sample.tests.WelcomePageTest.welcomePage_shouldLookGood_onDevice(com.galenframework.java.sample.components.GalenTestBase$TestDevice) throws java.io.IOException]]>
              </value>
            </param>
            <param index="1">
              <value>
                <![CDATA[[Ljava.lang.Object;@1c481ff2]]>
              </value>
            </param>
          </params>
          <reporter-output>
          </reporter-output>
        </test-method> <!-- initReport -->
        <test-method status="PASS" signature="welcomePage_shouldLookGood_onDevice(com.galenframework.java.sample.components.GalenTestBase$TestDevice)[pri:0, instance:com.galenframework.java.sample.tests.WelcomePageTest@3532ec19]" name="welcomePage_shouldLookGood_onDevice" duration-ms="10149" started-at="2018-04-06T08:58:51Z" data-provider="devices" finished-at="2018-04-06T08:59:01Z">
          <params>
            <param index="0">
              <value>
                <![CDATA[mobile 450x800]]>
              </value>
            </param>
          </params>
          <reporter-output>
          </reporter-output>
        </test-method> <!-- welcomePage_shouldLookGood_onDevice -->
        <test-method status="PASS" signature="provideTestEndDate()[pri:0, instance:com.galenframework.java.sample.tests.WelcomePageTest@3532ec19]" name="provideTestEndDate" is-config="true" duration-ms="0" started-at="2018-04-06T08:59:01Z" finished-at="2018-04-06T08:59:01Z">
          <reporter-output>
          </reporter-output>
        </test-method> <!-- provideTestEndDate -->
        <test-method status="PASS" signature="quitDriver()[pri:0, instance:com.galenframework.java.sample.tests.WelcomePageTest@3532ec19]" name="quitDriver" is-config="true" duration-ms="731" started-at="2018-04-06T08:59:01Z" finished-at="2018-04-06T08:59:02Z">
          <reporter-output>
          </reporter-output>
        </test-method> <!-- quitDriver -->
        <test-method status="PASS" signature="initDriver([Ljava.lang.Object;)[pri:0, instance:com.galenframework.java.sample.tests.WelcomePageTest@3532ec19]" name="initDriver" is-config="true" duration-ms="3433" started-at="2018-04-06T08:59:02Z" finished-at="2018-04-06T08:59:05Z">
          <params>
            <param index="0">
              <value>
                <![CDATA[[Ljava.lang.Object;@676cf48]]>
              </value>
            </param>
          </params>
          <reporter-output>
          </reporter-output>
        </test-method> <!-- initDriver -->
        <test-method status="PASS" signature="initReport(java.lang.reflect.Method, [Ljava.lang.Object;)[pri:0, instance:com.galenframework.java.sample.tests.WelcomePageTest@3532ec19]" name="initReport" is-config="true" duration-ms="1" started-at="2018-04-06T08:59:05Z" finished-at="2018-04-06T08:59:05Z">
          <params>
            <param index="0">
              <value>
                <![CDATA[public void com.galenframework.java.sample.tests.WelcomePageTest.welcomePage_shouldLookGood_onDevice(com.galenframework.java.sample.components.GalenTestBase$TestDevice) throws java.io.IOException]]>
              </value>
            </param>
            <param index="1">
              <value>
                <![CDATA[[Ljava.lang.Object;@676cf48]]>
              </value>
            </param>
          </params>
          <reporter-output>
          </reporter-output>
        </test-method> <!-- initReport -->
        <test-method status="PASS" signature="welcomePage_shouldLookGood_onDevice(com.galenframework.java.sample.components.GalenTestBase$TestDevice)[pri:0, instance:com.galenframework.java.sample.tests.WelcomePageTest@3532ec19]" name="welcomePage_shouldLookGood_onDevice" duration-ms="7856" started-at="2018-04-06T08:59:05Z" data-provider="devices" finished-at="2018-04-06T08:59:13Z">
          <params>
            <param index="0">
              <value>
                <![CDATA[tablet 750x800]]>
              </value>
            </param>
          </params>
          <reporter-output>
          </reporter-output>
        </test-method> <!-- welcomePage_shouldLookGood_onDevice -->
        <test-method status="PASS" signature="provideTestEndDate()[pri:0, instance:com.galenframework.java.sample.tests.WelcomePageTest@3532ec19]" name="provideTestEndDate" is-config="true" duration-ms="0" started-at="2018-04-06T08:59:13Z" finished-at="2018-04-06T08:59:13Z">
          <reporter-output>
          </reporter-output>
        </test-method> <!-- provideTestEndDate -->
        <test-method status="PASS" signature="quitDriver()[pri:0, instance:com.galenframework.java.sample.tests.WelcomePageTest@3532ec19]" name="quitDriver" is-config="true" duration-ms="680" started-at="2018-04-06T08:59:13Z" finished-at="2018-04-06T08:59:14Z">
          <reporter-output>
          </reporter-output>
        </test-method> <!-- quitDriver -->
        <test-method status="PASS" signature="initDriver([Ljava.lang.Object;)[pri:0, instance:com.galenframework.java.sample.tests.WelcomePageTest@3532ec19]" name="initDriver" is-config="true" duration-ms="3449" started-at="2018-04-06T08:59:14Z" finished-at="2018-04-06T08:59:17Z">
          <params>
            <param index="0">
              <value>
                <![CDATA[[Ljava.lang.Object;@5a1de7fb]]>
              </value>
            </param>
          </params>
          <reporter-output>
          </reporter-output>
        </test-method> <!-- initDriver -->
        <test-method status="PASS" signature="initReport(java.lang.reflect.Method, [Ljava.lang.Object;)[pri:0, instance:com.galenframework.java.sample.tests.WelcomePageTest@3532ec19]" name="initReport" is-config="true" duration-ms="1" started-at="2018-04-06T08:59:17Z" finished-at="2018-04-06T08:59:17Z">
          <params>
            <param index="0">
              <value>
                <![CDATA[public void com.galenframework.java.sample.tests.WelcomePageTest.welcomePage_shouldLookGood_onDevice(com.galenframework.java.sample.components.GalenTestBase$TestDevice) throws java.io.IOException]]>
              </value>
            </param>
            <param index="1">
              <value>
                <![CDATA[[Ljava.lang.Object;@5a1de7fb]]>
              </value>
            </param>
          </params>
          <reporter-output>
          </reporter-output>
        </test-method> <!-- initReport -->
        <test-method status="PASS" signature="welcomePage_shouldLookGood_onDevice(com.galenframework.java.sample.components.GalenTestBase$TestDevice)[pri:0, instance:com.galenframework.java.sample.tests.WelcomePageTest@3532ec19]" name="welcomePage_shouldLookGood_onDevice" duration-ms="9193" started-at="2018-04-06T08:59:17Z" data-provider="devices" finished-at="2018-04-06T08:59:26Z">
          <params>
            <param index="0">
              <value>
                <![CDATA[desktop 1400x800]]>
              </value>
            </param>
          </params>
          <reporter-output>
          </reporter-output>
        </test-method> <!-- welcomePage_shouldLookGood_onDevice -->
        <test-method status="PASS" signature="provideTestEndDate()[pri:0, instance:com.galenframework.java.sample.tests.WelcomePageTest@3532ec19]" name="provideTestEndDate" is-config="true" duration-ms="1" started-at="2018-04-06T08:59:26Z" finished-at="2018-04-06T08:59:26Z">
          <reporter-output>
          </reporter-output>
        </test-method> <!-- provideTestEndDate -->
        <test-method status="PASS" signature="quitDriver()[pri:0, instance:com.galenframework.java.sample.tests.WelcomePageTest@3532ec19]" name="quitDriver" is-config="true" duration-ms="704" started-at="2018-04-06T08:59:26Z" finished-at="2018-04-06T08:59:27Z">
          <reporter-output>
          </reporter-output>
        </test-method> <!-- quitDriver -->
      </class> <!-- com.galenframework.java.sample.tests.WelcomePageTest -->
    </test> <!-- Default test -->
  </suite> <!-- Default suite -->
</testng-results>
